2025-09-02 14:35:53,062 - MainThread - databricks.sql.client - WARNING - [WARN] Parameter '_user_agent_entry' is deprecated; use 'user_agent_entry' instead. This parameter will be removed in the upcoming releases. (client.py:241)
2025-09-02 14:35:53,497 - MainThread - databricks.sql.auth.retry - INFO - Received status code 200 for POST request (retry.py:355)
2025-09-02 14:35:53,497 - MainThread - databricks.sql.auth.thrift_http_client - INFO - HTTP Response with status code 200, message: OK (thrift_http_client.py:201)
2025-09-02 14:35:53,497 - MainThread - databricks.sql.client - INFO - Successfully opened session 01f0882b-a824-1b95-af3b-a1877d6766a7 (client.py:285)
2025-09-02 14:35:55,868 - MainThread - databricks.sql.auth.retry - INFO - Received status code 200 for POST request (retry.py:355)
2025-09-02 14:35:55,869 - MainThread - databricks.sql.auth.thrift_http_client - INFO - HTTP Response with status code 200, message: OK (thrift_http_client.py:201)
2025-09-02 14:35:56,171 - MainThread - sqlmesh.core.config.connection - INFO - Creating new DuckDB adapter for in-memory database (connection.py:491)
2025-09-02 14:35:56,241 - ThreadPoolExecutor-0_0 - sqlmesh.core.console - WARNING - Model '"alliance"."sqlmesh_example"."full_model"' was not found at /Users/jgcabrera527/Documents/Code/sql-mesh/tests/test_full_model.yaml (console.py:2260)
2025-09-02 14:35:56,244 - MainThread - sqlmesh.core.console - WARNING - The databricks engine is not recommended for storing SQLMesh state in production deployments. Please see https://sqlmesh.readthedocs.io/en/stable/guides/configuration/#state-connection for a list of recommended engines and more information. (console.py:2260)
2025-09-02 14:35:56,245 - MainThread - databricks.sql.client - WARNING - [WARN] Parameter '_user_agent_entry' is deprecated; use 'user_agent_entry' instead. This parameter will be removed in the upcoming releases. (client.py:241)
2025-09-02 14:35:56,687 - MainThread - databricks.sql.auth.retry - INFO - Received status code 200 for POST request (retry.py:355)
2025-09-02 14:35:56,687 - MainThread - databricks.sql.auth.thrift_http_client - INFO - HTTP Response with status code 200, message: OK (thrift_http_client.py:201)
2025-09-02 14:35:56,688 - MainThread - databricks.sql.client - INFO - Successfully opened session 01f0882b-aa0c-1fb5-9650-8c605a4a032a (client.py:285)
2025-09-02 14:36:02,061 - MainThread - databricks.sql.auth.retry - INFO - Received status code 200 for POST request (retry.py:355)
2025-09-02 14:36:02,061 - MainThread - databricks.sql.auth.thrift_http_client - INFO - HTTP Response with status code 200, message: OK (thrift_http_client.py:201)
2025-09-02 14:36:07,376 - MainThread - databricks.sql.auth.retry - INFO - Received status code 200 for POST request (retry.py:355)
2025-09-02 14:36:07,377 - MainThread - databricks.sql.auth.thrift_http_client - INFO - HTTP Response with status code 200, message: OK (thrift_http_client.py:201)
2025-09-02 14:36:12,589 - MainThread - databricks.sql.auth.retry - INFO - Received status code 200 for POST request (retry.py:355)
2025-09-02 14:36:12,590 - MainThread - databricks.sql.auth.thrift_http_client - INFO - HTTP Response with status code 200, message: OK (thrift_http_client.py:201)
2025-09-02 14:36:13,834 - MainThread - databricks.sql.auth.retry - INFO - Received status code 200 for POST request (retry.py:355)
2025-09-02 14:36:13,835 - MainThread - databricks.sql.auth.thrift_http_client - INFO - HTTP Response with status code 200, message: OK (thrift_http_client.py:201)
2025-09-02 14:36:13,964 - MainThread - databricks.sql.auth.retry - INFO - Received status code 200 for POST request (retry.py:355)
2025-09-02 14:36:13,964 - MainThread - databricks.sql.auth.thrift_http_client - INFO - HTTP Response with status code 200, message: OK (thrift_http_client.py:201)
2025-09-02 14:36:14,114 - MainThread - databricks.sql.auth.retry - INFO - Received status code 200 for POST request (retry.py:355)
2025-09-02 14:36:14,114 - MainThread - databricks.sql.auth.thrift_http_client - INFO - HTTP Response with status code 200, message: OK (thrift_http_client.py:201)
2025-09-02 14:36:14,297 - MainThread - databricks.sql.auth.retry - INFO - Received status code 200 for POST request (retry.py:355)
2025-09-02 14:36:14,297 - MainThread - databricks.sql.auth.thrift_http_client - INFO - HTTP Response with status code 200, message: OK (thrift_http_client.py:201)
2025-09-02 14:36:14,741 - MainThread - databricks.sql.auth.retry - INFO - Received status code 200 for POST request (retry.py:355)
2025-09-02 14:36:14,742 - MainThread - databricks.sql.auth.thrift_http_client - INFO - HTTP Response with status code 200, message: OK (thrift_http_client.py:201)
2025-09-02 14:36:15,151 - MainThread - databricks.sql.auth.retry - INFO - Received status code 200 for POST request (retry.py:355)
2025-09-02 14:36:15,152 - MainThread - databricks.sql.auth.thrift_http_client - INFO - HTTP Response with status code 200, message: OK (thrift_http_client.py:201)
2025-09-02 14:36:18,349 - MainThread - databricks.sql.auth.retry - INFO - Received status code 200 for POST request (retry.py:355)
2025-09-02 14:36:18,349 - MainThread - databricks.sql.auth.thrift_http_client - INFO - HTTP Response with status code 200, message: OK (thrift_http_client.py:201)
2025-09-02 14:36:21,191 - MainThread - databricks.sql.auth.retry - INFO - Received status code 200 for POST request (retry.py:355)
2025-09-02 14:36:21,191 - MainThread - databricks.sql.auth.thrift_http_client - INFO - HTTP Response with status code 200, message: OK (thrift_http_client.py:201)
2025-09-02 14:36:22,625 - MainThread - databricks.sql.auth.retry - INFO - Received status code 200 for POST request (retry.py:355)
2025-09-02 14:36:22,626 - MainThread - databricks.sql.auth.thrift_http_client - INFO - HTTP Response with status code 200, message: OK (thrift_http_client.py:201)
2025-09-02 14:36:23,918 - MainThread - databricks.sql.auth.retry - INFO - Received status code 200 for POST request (retry.py:355)
2025-09-02 14:36:23,918 - MainThread - databricks.sql.auth.thrift_http_client - INFO - HTTP Response with status code 200, message: OK (thrift_http_client.py:201)
2025-09-02 14:36:24,472 - MainThread - databricks.sql.auth.retry - INFO - Received status code 200 for POST request (retry.py:355)
2025-09-02 14:36:24,472 - MainThread - databricks.sql.auth.thrift_http_client - INFO - HTTP Response with status code 200, message: OK (thrift_http_client.py:201)
2025-09-02 14:36:26,006 - MainThread - databricks.sql.auth.retry - INFO - Received status code 200 for POST request (retry.py:355)
2025-09-02 14:36:26,006 - MainThread - databricks.sql.auth.thrift_http_client - INFO - HTTP Response with status code 200, message: OK (thrift_http_client.py:201)
2025-09-02 14:36:26,414 - MainThread - databricks.sql.auth.retry - INFO - Received status code 200 for POST request (retry.py:355)
2025-09-02 14:36:26,414 - MainThread - databricks.sql.auth.thrift_http_client - INFO - HTTP Response with status code 200, message: OK (thrift_http_client.py:201)
2025-09-02 14:36:26,426 - MainThread - databricks.sql.client - INFO - Closing session 01f0882b-aa0c-1fb5-9650-8c605a4a032a (client.py:399)
2025-09-02 14:36:26,528 - MainThread - databricks.sql.auth.retry - INFO - Received status code 200 for POST request (retry.py:355)
2025-09-02 14:36:26,528 - MainThread - databricks.sql.auth.thrift_http_client - INFO - HTTP Response with status code 200, message: OK (thrift_http_client.py:201)
2025-09-02 14:36:26,538 - MainThread - root - INFO - Shutting down the event dispatcher (dispatcher.py:159)
