2025-08-31 14:20:37,624 - MainThread - databricks.sql.client - WARNING - [WARN] Parameter '_user_agent_entry' is deprecated; use 'user_agent_entry' instead. This parameter will be removed in the upcoming releases. (client.py:241)
2025-08-31 14:20:38,167 - MainThread - databricks.sql.auth.retry - INFO - Received status code 200 for POST request (retry.py:355)
2025-08-31 14:20:38,167 - MainThread - databricks.sql.auth.thrift_http_client - INFO - HTTP Response with status code 200, message: OK (thrift_http_client.py:201)
2025-08-31 14:20:38,167 - MainThread - databricks.sql.client - INFO - Successfully opened session 01f08697-31b8-1eef-924f-f180b4787cfe (client.py:285)
2025-08-31 14:20:38,371 - MainThread - databricks.sql.auth.retry - INFO - Received status code 200 for POST request (retry.py:355)
2025-08-31 14:20:38,371 - MainThread - databricks.sql.auth.thrift_http_client - INFO - HTTP Response with status code 200, message: OK (thrift_http_client.py:201)
2025-08-31 14:20:38,679 - MainThread - sqlmesh.core.console - WARNING - The databricks engine is not recommended for storing SQLMesh state in production deployments. Please see https://sqlmesh.readthedocs.io/en/stable/guides/configuration/#state-connection for a list of recommended engines and more information. (console.py:2260)
2025-08-31 14:20:38,681 - MainThread - databricks.sql.client - WARNING - [WARN] Parameter '_user_agent_entry' is deprecated; use 'user_agent_entry' instead. This parameter will be removed in the upcoming releases. (client.py:241)
2025-08-31 14:20:39,172 - MainThread - databricks.sql.auth.retry - INFO - Received status code 200 for POST request (retry.py:355)
2025-08-31 14:20:39,172 - MainThread - databricks.sql.auth.thrift_http_client - INFO - HTTP Response with status code 200, message: OK (thrift_http_client.py:201)
2025-08-31 14:20:39,173 - MainThread - databricks.sql.client - INFO - Successfully opened session 01f08697-3255-16a1-b826-d4a0db3a96f3 (client.py:285)
2025-08-31 14:20:39,530 - MainThread - databricks.sql.auth.retry - INFO - Received status code 200 for POST request (retry.py:355)
2025-08-31 14:20:39,530 - MainThread - databricks.sql.auth.thrift_http_client - INFO - HTTP Response with status code 200, message: OK (thrift_http_client.py:201)
2025-08-31 14:20:39,789 - MainThread - databricks.sql.auth.retry - INFO - Received status code 200 for POST request (retry.py:355)
2025-08-31 14:20:39,790 - MainThread - databricks.sql.auth.thrift_http_client - INFO - HTTP Response with status code 200, message: OK (thrift_http_client.py:201)
2025-08-31 14:20:40,064 - MainThread - databricks.sql.auth.retry - INFO - Received status code 200 for POST request (retry.py:355)
2025-08-31 14:20:40,064 - MainThread - databricks.sql.auth.thrift_http_client - INFO - HTTP Response with status code 200, message: OK (thrift_http_client.py:201)
2025-08-31 14:20:40,310 - MainThread - databricks.sql.auth.retry - INFO - Received status code 200 for POST request (retry.py:355)
2025-08-31 14:20:40,311 - MainThread - databricks.sql.auth.thrift_http_client - INFO - HTTP Response with status code 200, message: OK (thrift_http_client.py:201)
2025-08-31 14:20:40,764 - MainThread - databricks.sql.auth.retry - INFO - Received status code 200 for POST request (retry.py:355)
2025-08-31 14:20:40,764 - MainThread - databricks.sql.auth.thrift_http_client - INFO - HTTP Response with status code 200, message: OK (thrift_http_client.py:201)
2025-08-31 14:20:41,174 - MainThread - databricks.sql.auth.retry - INFO - Received status code 200 for POST request (retry.py:355)
2025-08-31 14:20:41,175 - MainThread - databricks.sql.auth.thrift_http_client - INFO - HTTP Response with status code 200, message: OK (thrift_http_client.py:201)
2025-08-31 14:20:41,184 - MainThread - databricks.sql.client - INFO - Closing session 01f08697-3255-16a1-b826-d4a0db3a96f3 (client.py:399)
2025-08-31 14:20:41,311 - MainThread - databricks.sql.auth.retry - INFO - Received status code 200 for POST request (retry.py:355)
2025-08-31 14:20:41,311 - MainThread - databricks.sql.auth.thrift_http_client - INFO - HTTP Response with status code 200, message: OK (thrift_http_client.py:201)
2025-08-31 14:20:41,319 - MainThread - root - INFO - Shutting down the event dispatcher (dispatcher.py:159)
