2025-08-31 14:28:19,667 - MainThread - databricks.sql.client - WARNING - [WARN] Parameter '_user_agent_entry' is deprecated; use 'user_agent_entry' instead. This parameter will be removed in the upcoming releases. (client.py:241)
2025-08-31 14:28:20,323 - MainThread - databricks.sql.auth.retry - INFO - Received status code 200 for POST request (retry.py:355)
2025-08-31 14:28:20,324 - MainThread - databricks.sql.auth.thrift_http_client - INFO - HTTP Response with status code 200, message: OK (thrift_http_client.py:201)
2025-08-31 14:28:20,326 - MainThread - databricks.sql.client - INFO - Successfully opened session 01f08698-452f-1f95-a33c-b4084f8f0337 (client.py:285)
2025-08-31 14:28:20,569 - MainThread - databricks.sql.auth.retry - INFO - Received status code 200 for POST request (retry.py:355)
2025-08-31 14:28:20,569 - MainThread - databricks.sql.auth.thrift_http_client - INFO - HTTP Response with status code 200, message: OK (thrift_http_client.py:201)
2025-08-31 14:28:20,935 - MainThread - sqlmesh.core.config.connection - INFO - Creating new DuckDB adapter for in-memory database (connection.py:491)
2025-08-31 14:28:20,967 - ThreadPoolExecutor-0_0 - sqlmesh.core.console - WARNING - Model '"alliance"."sqlmesh_example"."full_model"' was not found at /Users/jgcabrera527/Documents/Code/sql-mesh/tests/test_full_model.yaml (console.py:2260)
2025-08-31 14:28:20,970 - MainThread - sqlmesh.core.console - WARNING - The databricks engine is not recommended for storing SQLMesh state in production deployments. Please see https://sqlmesh.readthedocs.io/en/stable/guides/configuration/#state-connection for a list of recommended engines and more information. (console.py:2260)
2025-08-31 14:28:20,971 - MainThread - databricks.sql.client - WARNING - [WARN] Parameter '_user_agent_entry' is deprecated; use 'user_agent_entry' instead. This parameter will be removed in the upcoming releases. (client.py:241)
2025-08-31 14:28:21,465 - MainThread - databricks.sql.auth.retry - INFO - Received status code 200 for POST request (retry.py:355)
2025-08-31 14:28:21,466 - MainThread - databricks.sql.auth.thrift_http_client - INFO - HTTP Response with status code 200, message: OK (thrift_http_client.py:201)
2025-08-31 14:28:21,466 - MainThread - databricks.sql.client - INFO - Successfully opened session 01f08698-45de-1725-8be8-354b8055b42a (client.py:285)
2025-08-31 14:28:21,883 - MainThread - databricks.sql.auth.retry - INFO - Received status code 200 for POST request (retry.py:355)
2025-08-31 14:28:21,884 - MainThread - databricks.sql.auth.thrift_http_client - INFO - HTTP Response with status code 200, message: OK (thrift_http_client.py:201)
2025-08-31 14:28:22,196 - MainThread - databricks.sql.auth.retry - INFO - Received status code 200 for POST request (retry.py:355)
2025-08-31 14:28:22,196 - MainThread - databricks.sql.auth.thrift_http_client - INFO - HTTP Response with status code 200, message: OK (thrift_http_client.py:201)
2025-08-31 14:28:22,503 - MainThread - databricks.sql.auth.retry - INFO - Received status code 200 for POST request (retry.py:355)
2025-08-31 14:28:22,503 - MainThread - databricks.sql.auth.thrift_http_client - INFO - HTTP Response with status code 200, message: OK (thrift_http_client.py:201)
2025-08-31 14:28:22,760 - MainThread - databricks.sql.auth.retry - INFO - Received status code 200 for POST request (retry.py:355)
2025-08-31 14:28:22,760 - MainThread - databricks.sql.auth.thrift_http_client - INFO - HTTP Response with status code 200, message: OK (thrift_http_client.py:201)
2025-08-31 14:28:23,371 - MainThread - databricks.sql.auth.retry - INFO - Received status code 200 for POST request (retry.py:355)
2025-08-31 14:28:23,371 - MainThread - databricks.sql.auth.thrift_http_client - INFO - HTTP Response with status code 200, message: OK (thrift_http_client.py:201)
2025-08-31 14:28:23,845 - MainThread - databricks.sql.auth.retry - INFO - Received status code 200 for POST request (retry.py:355)
2025-08-31 14:28:23,845 - MainThread - databricks.sql.auth.thrift_http_client - INFO - HTTP Response with status code 200, message: OK (thrift_http_client.py:201)
2025-08-31 14:28:24,716 - MainThread - databricks.sql.auth.retry - INFO - Received status code 200 for POST request (retry.py:355)
2025-08-31 14:28:24,717 - MainThread - databricks.sql.auth.thrift_http_client - INFO - HTTP Response with status code 200, message: OK (thrift_http_client.py:201)
2025-08-31 14:28:25,159 - MainThread - databricks.sql.auth.retry - INFO - Received status code 200 for POST request (retry.py:355)
2025-08-31 14:28:25,160 - MainThread - databricks.sql.auth.thrift_http_client - INFO - HTTP Response with status code 200, message: OK (thrift_http_client.py:201)
2025-08-31 14:28:25,669 - MainThread - databricks.sql.auth.retry - INFO - Received status code 200 for POST request (retry.py:355)
2025-08-31 14:28:25,669 - MainThread - databricks.sql.auth.thrift_http_client - INFO - HTTP Response with status code 200, message: OK (thrift_http_client.py:201)
2025-08-31 14:28:26,184 - MainThread - databricks.sql.auth.retry - INFO - Received status code 200 for POST request (retry.py:355)
2025-08-31 14:28:26,185 - MainThread - databricks.sql.auth.thrift_http_client - INFO - HTTP Response with status code 200, message: OK (thrift_http_client.py:201)
2025-08-31 14:28:26,915 - MainThread - databricks.sql.auth.retry - INFO - Received status code 200 for POST request (retry.py:355)
2025-08-31 14:28:26,916 - MainThread - databricks.sql.auth.thrift_http_client - INFO - HTTP Response with status code 200, message: OK (thrift_http_client.py:201)
2025-08-31 14:28:27,286 - MainThread - databricks.sql.auth.retry - INFO - Received status code 200 for POST request (retry.py:355)
2025-08-31 14:28:27,287 - MainThread - databricks.sql.auth.thrift_http_client - INFO - HTTP Response with status code 200, message: OK (thrift_http_client.py:201)
2025-08-31 14:28:27,923 - MainThread - databricks.sql.auth.retry - INFO - Received status code 200 for POST request (retry.py:355)
2025-08-31 14:28:27,924 - MainThread - databricks.sql.auth.thrift_http_client - INFO - HTTP Response with status code 200, message: OK (thrift_http_client.py:201)
2025-08-31 14:28:28,175 - MainThread - databricks.sql.auth.retry - INFO - Received status code 200 for POST request (retry.py:355)
2025-08-31 14:28:28,175 - MainThread - databricks.sql.auth.thrift_http_client - INFO - HTTP Response with status code 200, message: OK (thrift_http_client.py:201)
2025-08-31 14:28:36,835 - MainThread - databricks.sql.auth.retry - INFO - Received status code 200 for POST request (retry.py:355)
2025-08-31 14:28:36,835 - MainThread - databricks.sql.auth.thrift_http_client - INFO - HTTP Response with status code 200, message: OK (thrift_http_client.py:201)
2025-08-31 14:28:37,446 - MainThread - databricks.sql.auth.retry - INFO - Received status code 200 for POST request (retry.py:355)
2025-08-31 14:28:37,446 - MainThread - databricks.sql.auth.thrift_http_client - INFO - HTTP Response with status code 200, message: OK (thrift_http_client.py:201)
2025-08-31 14:28:37,482 - MainThread - sqlmesh.core.plan.evaluator - INFO - Evaluating plan stage CreateSnapshotRecordsStage (evaluator.py:125)
2025-08-31 14:28:37,790 - MainThread - databricks.sql.auth.retry - INFO - Received status code 200 for POST request (retry.py:355)
2025-08-31 14:28:37,791 - MainThread - databricks.sql.auth.thrift_http_client - INFO - HTTP Response with status code 200, message: OK (thrift_http_client.py:201)
2025-08-31 14:28:39,507 - MainThread - databricks.sql.auth.retry - INFO - Received status code 200 for POST request (retry.py:355)
2025-08-31 14:28:39,508 - MainThread - databricks.sql.auth.thrift_http_client - INFO - HTTP Response with status code 200, message: OK (thrift_http_client.py:201)
2025-08-31 14:28:39,516 - MainThread - sqlmesh.core.plan.evaluator - INFO - Evaluating plan stage PhysicalLayerSchemaCreationStage (evaluator.py:125)
2025-08-31 14:28:39,517 - MainThread - sqlmesh.core.snapshot.evaluator - INFO - Creating schema 'alliance.sqlmesh__poc' (evaluator.py:1378)
2025-08-31 14:28:39,517 - MainThread - sqlmesh.core.engine_adapter.base - INFO - Executing SQL: /* SQLMESH_PLAN: 41cf20f86eed49da8761d64973bf664b */ CREATE SCHEMA IF NOT EXISTS `alliance`.`sqlmesh__poc` (base.py:2452)
2025-08-31 14:28:39,720 - MainThread - databricks.sql.auth.retry - INFO - Received status code 200 for POST request (retry.py:355)
2025-08-31 14:28:39,721 - MainThread - databricks.sql.auth.thrift_http_client - INFO - HTTP Response with status code 200, message: OK (thrift_http_client.py:201)
2025-08-31 14:28:39,724 - MainThread - sqlmesh.core.plan.evaluator - INFO - Evaluating plan stage PhysicalLayerUpdateStage (evaluator.py:125)
2025-08-31 14:28:39,727 - MainThread - sqlmesh.core.snapshot.evaluator - INFO - Listing data objects in schema alliance.sqlmesh__poc (evaluator.py:444)
2025-08-31 14:28:39,729 - MainThread - sqlmesh.core.engine_adapter.base - INFO - Executing SQL: /* SQLMESH_PLAN: 41cf20f86eed49da8761d64973bf664b */ SELECT `table_name` AS `name`, `table_schema` AS `schema`, `table_catalog` AS `catalog`, CASE `table_type` WHEN 'VIEW' THEN 'view' WHEN 'MATERIALIZED_VIEW' THEN 'view' ELSE 'table' END AS `type` FROM `system`.`information_schema`.`tables` WHERE (`table_catalog` = 'alliance' AND `table_schema` = 'sqlmesh__poc') AND `table_name` IN ('poc__exports_source__4025357751', 'poc__daily_exports_summary__3053939067', 'poc__stg_exports__73843079', 'poc__weekly_exports_summary__2953295564') (base.py:2452)
2025-08-31 14:28:40,090 - MainThread - databricks.sql.auth.retry - INFO - Received status code 200 for POST request (retry.py:355)
2025-08-31 14:28:40,090 - MainThread - databricks.sql.auth.thrift_http_client - INFO - HTTP Response with status code 200, message: OK (thrift_http_client.py:201)
2025-08-31 14:28:40,097 - MainThread - sqlmesh.core.plan.evaluator - INFO - Evaluating plan stage BackfillStage (evaluator.py:125)
2025-08-31 14:28:40,098 - MainThread - sqlmesh.core.plan.evaluator - INFO - Evaluating plan stage EnvironmentRecordUpdateStage (evaluator.py:125)
2025-08-31 14:28:40,098 - MainThread - sqlmesh.core.state_sync.db.facade - INFO - Promoting environment 'dev' (facade.py:167)
2025-08-31 14:28:40,723 - MainThread - databricks.sql.auth.retry - INFO - Received status code 200 for POST request (retry.py:355)
2025-08-31 14:28:40,724 - MainThread - databricks.sql.auth.thrift_http_client - INFO - HTTP Response with status code 200, message: OK (thrift_http_client.py:201)
2025-08-31 14:28:40,974 - MainThread - databricks.sql.auth.retry - INFO - Received status code 200 for POST request (retry.py:355)
2025-08-31 14:28:40,974 - MainThread - databricks.sql.auth.thrift_http_client - INFO - HTTP Response with status code 200, message: OK (thrift_http_client.py:201)
2025-08-31 14:28:42,873 - MainThread - databricks.sql.auth.retry - INFO - Received status code 200 for POST request (retry.py:355)
2025-08-31 14:28:42,873 - MainThread - databricks.sql.auth.thrift_http_client - INFO - HTTP Response with status code 200, message: OK (thrift_http_client.py:201)
2025-08-31 14:28:43,590 - MainThread - databricks.sql.auth.retry - INFO - Received status code 200 for POST request (retry.py:355)
2025-08-31 14:28:43,590 - MainThread - databricks.sql.auth.thrift_http_client - INFO - HTTP Response with status code 200, message: OK (thrift_http_client.py:201)
2025-08-31 14:28:45,230 - MainThread - databricks.sql.auth.retry - INFO - Received status code 200 for POST request (retry.py:355)
2025-08-31 14:28:45,231 - MainThread - databricks.sql.auth.thrift_http_client - INFO - HTTP Response with status code 200, message: OK (thrift_http_client.py:201)
2025-08-31 14:28:45,946 - MainThread - databricks.sql.auth.retry - INFO - Received status code 200 for POST request (retry.py:355)
2025-08-31 14:28:45,946 - MainThread - databricks.sql.auth.thrift_http_client - INFO - HTTP Response with status code 200, message: OK (thrift_http_client.py:201)
2025-08-31 14:28:45,950 - MainThread - sqlmesh.core.plan.evaluator - INFO - Evaluating plan stage VirtualLayerUpdateStage (evaluator.py:125)
2025-08-31 14:28:45,955 - MainThread - sqlmesh.core.snapshot.evaluator - INFO - Creating schema 'alliance.poc__dev' (evaluator.py:1378)
2025-08-31 14:28:45,955 - MainThread - sqlmesh.core.engine_adapter.base - INFO - Executing SQL: /* SQLMESH_PLAN: 41cf20f86eed49da8761d64973bf664b */ CREATE SCHEMA IF NOT EXISTS `alliance`.`poc__dev` (base.py:2452)
2025-08-31 14:28:46,149 - MainThread - databricks.sql.auth.retry - INFO - Received status code 200 for POST request (retry.py:355)
2025-08-31 14:28:46,149 - MainThread - databricks.sql.auth.thrift_http_client - INFO - HTTP Response with status code 200, message: OK (thrift_http_client.py:201)
2025-08-31 14:28:46,154 - MainThread - sqlmesh.core.engine_adapter.base - INFO - Executing SQL: /* SQLMESH_PLAN: 41cf20f86eed49da8761d64973bf664b */ SELECT CURRENT_CATALOG() (base.py:2452)
2025-08-31 14:28:46,322 - MainThread - databricks.sql.auth.retry - INFO - Received status code 200 for POST request (retry.py:355)
2025-08-31 14:28:46,322 - MainThread - databricks.sql.auth.thrift_http_client - INFO - HTTP Response with status code 200, message: OK (thrift_http_client.py:201)
2025-08-31 14:28:46,327 - MainThread - sqlmesh.core.engine_adapter.base - INFO - Executing SQL: /* SQLMESH_PLAN: 41cf20f86eed49da8761d64973bf664b */ USE CATALOG `alliance` (base.py:2452)
2025-08-31 14:28:46,516 - MainThread - databricks.sql.auth.retry - INFO - Received status code 200 for POST request (retry.py:355)
2025-08-31 14:28:46,516 - MainThread - databricks.sql.auth.thrift_http_client - INFO - HTTP Response with status code 200, message: OK (thrift_http_client.py:201)
2025-08-31 14:28:46,519 - MainThread - sqlmesh.core.snapshot.evaluator - INFO - Updating view 'alliance.poc__dev.exports_source' to point at table 'alliance.sqlmesh__poc.poc__exports_source__4025357751' (evaluator.py:1694)
2025-08-31 14:28:46,523 - MainThread - sqlmesh.core.engine_adapter.base - INFO - Executing SQL: /* SQLMESH_PLAN: 41cf20f86eed49da8761d64973bf664b */ SELECT `table_name` AS `name`, `table_schema` AS `schema`, `table_catalog` AS `catalog`, CASE `table_type` WHEN 'VIEW' THEN 'view' WHEN 'MATERIALIZED_VIEW' THEN 'view' ELSE 'table' END AS `type` FROM `system`.`information_schema`.`tables` WHERE (`table_catalog` = 'alliance' AND `table_schema` = 'poc__dev') AND `table_name` IN ('exports_source') (base.py:2452)
2025-08-31 14:28:46,856 - MainThread - databricks.sql.auth.retry - INFO - Received status code 200 for POST request (retry.py:355)
2025-08-31 14:28:46,857 - MainThread - databricks.sql.auth.thrift_http_client - INFO - HTTP Response with status code 200, message: OK (thrift_http_client.py:201)
2025-08-31 14:28:46,863 - MainThread - sqlmesh.core.engine_adapter.base - INFO - Executing SQL: /* SQLMESH_PLAN: 41cf20f86eed49da8761d64973bf664b */ CREATE OR REPLACE VIEW alliance.poc__dev.exports_source AS SELECT * FROM alliance.sqlmesh__poc.poc__exports_source__4025357751 (base.py:2452)
2025-08-31 14:28:47,584 - MainThread - databricks.sql.auth.retry - INFO - Received status code 200 for POST request (retry.py:355)
2025-08-31 14:28:47,585 - MainThread - databricks.sql.auth.thrift_http_client - INFO - HTTP Response with status code 200, message: OK (thrift_http_client.py:201)
2025-08-31 14:28:47,590 - MainThread - sqlmesh.core.engine_adapter.base - INFO - Executing SQL: /* SQLMESH_PLAN: 41cf20f86eed49da8761d64973bf664b */ SELECT CURRENT_CATALOG() (base.py:2452)
2025-08-31 14:28:47,765 - MainThread - databricks.sql.auth.retry - INFO - Received status code 200 for POST request (retry.py:355)
2025-08-31 14:28:47,765 - MainThread - databricks.sql.auth.thrift_http_client - INFO - HTTP Response with status code 200, message: OK (thrift_http_client.py:201)
2025-08-31 14:28:47,770 - MainThread - sqlmesh.core.engine_adapter.base - INFO - Executing SQL: /* SQLMESH_PLAN: 41cf20f86eed49da8761d64973bf664b */ USE CATALOG `alliance` (base.py:2452)
2025-08-31 14:28:48,001 - MainThread - databricks.sql.auth.retry - INFO - Received status code 200 for POST request (retry.py:355)
2025-08-31 14:28:48,001 - MainThread - databricks.sql.auth.thrift_http_client - INFO - HTTP Response with status code 200, message: OK (thrift_http_client.py:201)
2025-08-31 14:28:48,003 - MainThread - sqlmesh.core.snapshot.evaluator - INFO - Updating view 'alliance.poc__dev.stg_exports' to point at table 'alliance.sqlmesh__poc.poc__stg_exports__73843079' (evaluator.py:1694)
2025-08-31 14:28:48,006 - MainThread - sqlmesh.core.engine_adapter.base - INFO - Executing SQL: /* SQLMESH_PLAN: 41cf20f86eed49da8761d64973bf664b */ SELECT `table_name` AS `name`, `table_schema` AS `schema`, `table_catalog` AS `catalog`, CASE `table_type` WHEN 'VIEW' THEN 'view' WHEN 'MATERIALIZED_VIEW' THEN 'view' ELSE 'table' END AS `type` FROM `system`.`information_schema`.`tables` WHERE (`table_catalog` = 'alliance' AND `table_schema` = 'poc__dev') AND `table_name` IN ('stg_exports') (base.py:2452)
2025-08-31 14:28:48,336 - MainThread - databricks.sql.auth.retry - INFO - Received status code 200 for POST request (retry.py:355)
2025-08-31 14:28:48,337 - MainThread - databricks.sql.auth.thrift_http_client - INFO - HTTP Response with status code 200, message: OK (thrift_http_client.py:201)
2025-08-31 14:28:48,342 - MainThread - sqlmesh.core.engine_adapter.base - INFO - Executing SQL: /* SQLMESH_PLAN: 41cf20f86eed49da8761d64973bf664b */ CREATE OR REPLACE VIEW alliance.poc__dev.stg_exports AS SELECT * FROM alliance.sqlmesh__poc.poc__stg_exports__73843079 (base.py:2452)
2025-08-31 14:28:49,018 - MainThread - databricks.sql.auth.retry - INFO - Received status code 200 for POST request (retry.py:355)
2025-08-31 14:28:49,019 - MainThread - databricks.sql.auth.thrift_http_client - INFO - HTTP Response with status code 200, message: OK (thrift_http_client.py:201)
2025-08-31 14:28:49,026 - MainThread - sqlmesh.core.engine_adapter.base - INFO - Executing SQL: /* SQLMESH_PLAN: 41cf20f86eed49da8761d64973bf664b */ SELECT CURRENT_CATALOG() (base.py:2452)
2025-08-31 14:28:49,198 - MainThread - databricks.sql.auth.retry - INFO - Received status code 200 for POST request (retry.py:355)
2025-08-31 14:28:49,198 - MainThread - databricks.sql.auth.thrift_http_client - INFO - HTTP Response with status code 200, message: OK (thrift_http_client.py:201)
2025-08-31 14:28:49,202 - MainThread - sqlmesh.core.engine_adapter.base - INFO - Executing SQL: /* SQLMESH_PLAN: 41cf20f86eed49da8761d64973bf664b */ USE CATALOG `alliance` (base.py:2452)
2025-08-31 14:28:49,394 - MainThread - databricks.sql.auth.retry - INFO - Received status code 200 for POST request (retry.py:355)
2025-08-31 14:28:49,394 - MainThread - databricks.sql.auth.thrift_http_client - INFO - HTTP Response with status code 200, message: OK (thrift_http_client.py:201)
2025-08-31 14:28:49,395 - MainThread - sqlmesh.core.snapshot.evaluator - INFO - Updating view 'alliance.poc__dev.daily_exports_summary' to point at table 'alliance.sqlmesh__poc.poc__daily_exports_summary__3053939067' (evaluator.py:1694)
2025-08-31 14:28:49,397 - MainThread - sqlmesh.core.engine_adapter.base - INFO - Executing SQL: /* SQLMESH_PLAN: 41cf20f86eed49da8761d64973bf664b */ SELECT `table_name` AS `name`, `table_schema` AS `schema`, `table_catalog` AS `catalog`, CASE `table_type` WHEN 'VIEW' THEN 'view' WHEN 'MATERIALIZED_VIEW' THEN 'view' ELSE 'table' END AS `type` FROM `system`.`information_schema`.`tables` WHERE (`table_catalog` = 'alliance' AND `table_schema` = 'poc__dev') AND `table_name` IN ('daily_exports_summary') (base.py:2452)
2025-08-31 14:28:49,726 - MainThread - databricks.sql.auth.retry - INFO - Received status code 200 for POST request (retry.py:355)
2025-08-31 14:28:49,726 - MainThread - databricks.sql.auth.thrift_http_client - INFO - HTTP Response with status code 200, message: OK (thrift_http_client.py:201)
2025-08-31 14:28:49,733 - MainThread - sqlmesh.core.engine_adapter.base - INFO - Executing SQL: /* SQLMESH_PLAN: 41cf20f86eed49da8761d64973bf664b */ CREATE OR REPLACE VIEW alliance.poc__dev.daily_exports_summary AS SELECT * FROM alliance.sqlmesh__poc.poc__daily_exports_summary__3053939067 (base.py:2452)
2025-08-31 14:28:50,451 - MainThread - databricks.sql.auth.retry - INFO - Received status code 200 for POST request (retry.py:355)
2025-08-31 14:28:50,451 - MainThread - databricks.sql.auth.thrift_http_client - INFO - HTTP Response with status code 200, message: OK (thrift_http_client.py:201)
2025-08-31 14:28:50,456 - MainThread - sqlmesh.core.engine_adapter.base - INFO - Executing SQL: /* SQLMESH_PLAN: 41cf20f86eed49da8761d64973bf664b */ SELECT CURRENT_CATALOG() (base.py:2452)
2025-08-31 14:28:50,635 - MainThread - databricks.sql.auth.retry - INFO - Received status code 200 for POST request (retry.py:355)
2025-08-31 14:28:50,635 - MainThread - databricks.sql.auth.thrift_http_client - INFO - HTTP Response with status code 200, message: OK (thrift_http_client.py:201)
2025-08-31 14:28:50,638 - MainThread - sqlmesh.core.engine_adapter.base - INFO - Executing SQL: /* SQLMESH_PLAN: 41cf20f86eed49da8761d64973bf664b */ USE CATALOG `alliance` (base.py:2452)
2025-08-31 14:28:50,823 - MainThread - databricks.sql.auth.retry - INFO - Received status code 200 for POST request (retry.py:355)
2025-08-31 14:28:50,824 - MainThread - databricks.sql.auth.thrift_http_client - INFO - HTTP Response with status code 200, message: OK (thrift_http_client.py:201)
2025-08-31 14:28:50,827 - MainThread - sqlmesh.core.snapshot.evaluator - INFO - Updating view 'alliance.poc__dev.weekly_exports_summary' to point at table 'alliance.sqlmesh__poc.poc__weekly_exports_summary__2953295564' (evaluator.py:1694)
2025-08-31 14:28:50,832 - MainThread - sqlmesh.core.engine_adapter.base - INFO - Executing SQL: /* SQLMESH_PLAN: 41cf20f86eed49da8761d64973bf664b */ SELECT `table_name` AS `name`, `table_schema` AS `schema`, `table_catalog` AS `catalog`, CASE `table_type` WHEN 'VIEW' THEN 'view' WHEN 'MATERIALIZED_VIEW' THEN 'view' ELSE 'table' END AS `type` FROM `system`.`information_schema`.`tables` WHERE (`table_catalog` = 'alliance' AND `table_schema` = 'poc__dev') AND `table_name` IN ('weekly_exports_summary') (base.py:2452)
2025-08-31 14:28:51,273 - MainThread - databricks.sql.auth.retry - INFO - Received status code 200 for POST request (retry.py:355)
2025-08-31 14:28:51,273 - MainThread - databricks.sql.auth.thrift_http_client - INFO - HTTP Response with status code 200, message: OK (thrift_http_client.py:201)
2025-08-31 14:28:51,278 - MainThread - sqlmesh.core.engine_adapter.base - INFO - Executing SQL: /* SQLMESH_PLAN: 41cf20f86eed49da8761d64973bf664b */ CREATE OR REPLACE VIEW alliance.poc__dev.weekly_exports_summary AS SELECT * FROM alliance.sqlmesh__poc.poc__weekly_exports_summary__2953295564 (base.py:2452)
2025-08-31 14:28:51,988 - MainThread - databricks.sql.auth.retry - INFO - Received status code 200 for POST request (retry.py:355)
2025-08-31 14:28:51,988 - MainThread - databricks.sql.auth.thrift_http_client - INFO - HTTP Response with status code 200, message: OK (thrift_http_client.py:201)
2025-08-31 14:28:51,995 - MainThread - sqlmesh.core.plan.evaluator - INFO - Evaluating plan stage FinalizeEnvironmentStage (evaluator.py:125)
2025-08-31 14:28:51,995 - MainThread - sqlmesh.core.state_sync.db.environment - INFO - Finalizing environment 'dev' (environment.py:141)
2025-08-31 14:28:52,705 - MainThread - databricks.sql.auth.retry - INFO - Received status code 200 for POST request (retry.py:355)
2025-08-31 14:28:52,705 - MainThread - databricks.sql.auth.thrift_http_client - INFO - HTTP Response with status code 200, message: OK (thrift_http_client.py:201)
2025-08-31 14:28:54,548 - MainThread - databricks.sql.auth.retry - INFO - Received status code 200 for POST request (retry.py:355)
2025-08-31 14:28:54,548 - MainThread - databricks.sql.auth.thrift_http_client - INFO - HTTP Response with status code 200, message: OK (thrift_http_client.py:201)
2025-08-31 14:28:54,552 - MainThread - databricks.sql.client - INFO - Closing session 01f08698-452f-1f95-a33c-b4084f8f0337 (client.py:399)
2025-08-31 14:28:54,682 - MainThread - databricks.sql.auth.retry - INFO - Received status code 200 for POST request (retry.py:355)
2025-08-31 14:28:54,683 - MainThread - databricks.sql.auth.thrift_http_client - INFO - HTTP Response with status code 200, message: OK (thrift_http_client.py:201)
2025-08-31 14:28:54,683 - MainThread - databricks.sql.client - INFO - Closing session 01f08698-45de-1725-8be8-354b8055b42a (client.py:399)
2025-08-31 14:28:54,815 - MainThread - databricks.sql.auth.retry - INFO - Received status code 200 for POST request (retry.py:355)
2025-08-31 14:28:54,815 - MainThread - databricks.sql.auth.thrift_http_client - INFO - HTTP Response with status code 200, message: OK (thrift_http_client.py:201)
2025-08-31 14:28:54,825 - MainThread - root - INFO - Shutting down the event dispatcher (dispatcher.py:159)
