2025-09-02 14:36:59,540 - MainThread - databricks.sql.client - WARNING - [WARN] Parameter '_user_agent_entry' is deprecated; use 'user_agent_entry' instead. This parameter will be removed in the upcoming releases. (client.py:241)
2025-09-02 14:36:59,989 - MainThread - databricks.sql.auth.retry - INFO - Received status code 200 for POST request (retry.py:355)
2025-09-02 14:36:59,989 - MainThread - databricks.sql.auth.thrift_http_client - INFO - HTTP Response with status code 200, message: OK (thrift_http_client.py:201)
2025-09-02 14:36:59,990 - MainThread - databricks.sql.client - INFO - Successfully opened session 01f0882b-cfc8-19a3-99f1-e643e12f504f (client.py:285)
2025-09-02 14:37:00,223 - MainThread - databricks.sql.auth.retry - INFO - Received status code 200 for POST request (retry.py:355)
2025-09-02 14:37:00,223 - MainThread - databricks.sql.auth.thrift_http_client - INFO - HTTP Response with status code 200, message: OK (thrift_http_client.py:201)
2025-09-02 14:37:00,524 - MainThread - sqlmesh.core.console - WARNING - The databricks engine is not recommended for storing SQLMesh state in production deployments. Please see https://sqlmesh.readthedocs.io/en/stable/guides/configuration/#state-connection for a list of recommended engines and more information. (console.py:2260)
2025-09-02 14:37:00,527 - MainThread - databricks.sql.client - WARNING - [WARN] Parameter '_user_agent_entry' is deprecated; use 'user_agent_entry' instead. This parameter will be removed in the upcoming releases. (client.py:241)
2025-09-02 14:37:00,922 - MainThread - databricks.sql.auth.retry - INFO - Received status code 200 for POST request (retry.py:355)
2025-09-02 14:37:00,922 - MainThread - databricks.sql.auth.thrift_http_client - INFO - HTTP Response with status code 200, message: OK (thrift_http_client.py:201)
2025-09-02 14:37:00,923 - MainThread - databricks.sql.client - INFO - Successfully opened session 01f0882b-d056-1964-be33-8dcb1ab47d28 (client.py:285)
2025-09-02 14:37:01,436 - MainThread - databricks.sql.auth.retry - INFO - Received status code 200 for POST request (retry.py:355)
2025-09-02 14:37:01,436 - MainThread - databricks.sql.auth.thrift_http_client - INFO - HTTP Response with status code 200, message: OK (thrift_http_client.py:201)
2025-09-02 14:37:01,692 - MainThread - databricks.sql.auth.retry - INFO - Received status code 200 for POST request (retry.py:355)
2025-09-02 14:37:01,692 - MainThread - databricks.sql.auth.thrift_http_client - INFO - HTTP Response with status code 200, message: OK (thrift_http_client.py:201)
2025-09-02 14:37:02,047 - MainThread - databricks.sql.auth.retry - INFO - Received status code 200 for POST request (retry.py:355)
2025-09-02 14:37:02,047 - MainThread - databricks.sql.auth.thrift_http_client - INFO - HTTP Response with status code 200, message: OK (thrift_http_client.py:201)
2025-09-02 14:37:02,303 - MainThread - databricks.sql.auth.retry - INFO - Received status code 200 for POST request (retry.py:355)
2025-09-02 14:37:02,303 - MainThread - databricks.sql.auth.thrift_http_client - INFO - HTTP Response with status code 200, message: OK (thrift_http_client.py:201)
2025-09-02 14:37:02,971 - MainThread - databricks.sql.auth.retry - INFO - Received status code 200 for POST request (retry.py:355)
2025-09-02 14:37:02,972 - MainThread - databricks.sql.auth.thrift_http_client - INFO - HTTP Response with status code 200, message: OK (thrift_http_client.py:201)
2025-09-02 14:37:03,482 - MainThread - databricks.sql.auth.retry - INFO - Received status code 200 for POST request (retry.py:355)
2025-09-02 14:37:03,483 - MainThread - databricks.sql.auth.thrift_http_client - INFO - HTTP Response with status code 200, message: OK (thrift_http_client.py:201)
2025-09-02 14:37:03,494 - MainThread - databricks.sql.client - INFO - Closing session 01f0882b-d056-1964-be33-8dcb1ab47d28 (client.py:399)
2025-09-02 14:37:03,623 - MainThread - databricks.sql.auth.retry - INFO - Received status code 200 for POST request (retry.py:355)
2025-09-02 14:37:03,623 - MainThread - databricks.sql.auth.thrift_http_client - INFO - HTTP Response with status code 200, message: OK (thrift_http_client.py:201)
2025-09-02 14:37:03,631 - MainThread - root - INFO - Shutting down the event dispatcher (dispatcher.py:159)
